2025-08-20 09:44:27,142 [INFO] Starting Grini capacity test; user=ed***vi, TEE_CAPACITY=4
2025-08-20 09:44:29,792 [INFO] === Checking 07:10 @ 2025-08-21 ===
2025-08-20 09:44:29,792 [DEBUG] URL: https://www.golfbox.no/site/my_golfbox/ressources/booking/grid.asp?Ressource_GUID={1BEE50FC-669C-4383-A47E-5354F7AC08EC}&Club_GUID=EE00C492-7F02-4C2C-851B-8CDDC89181DB&Booking_Start=20250821T071000
2025-08-20 09:44:44,921 [INFO] Saved HTML → debug_html\grini-2025-08-21-0710.html
2025-08-20 09:46:37,848 [DEBUG] availability map: {}
2025-08-20 09:46:37,848 [INFO] Initial available (DOM-derived) for 07:10: 0
2025-08-20 09:47:19,383 [INFO] Starting Grini capacity test; user=ed***vi, TEE_CAPACITY=4
2025-08-20 09:47:20,349 [INFO] === Checking 07:10 @ 2025-08-21 ===
2025-08-20 09:47:20,349 [DEBUG] URL: https://www.golfbox.no/site/my_golfbox/ressources/booking/grid.asp?Ressource_GUID={1BEE50FC-669C-4383-A47E-5354F7AC08EC}&Club_GUID=EE00C492-7F02-4C2C-851B-8CDDC89181DB&Booking_Start=20250821T071000
2025-08-20 09:48:08,145 [INFO] Saved HTML → debug_html\grini-2025-08-21-0710.html
2025-08-20 09:50:00,581 [DEBUG] availability map: {}
2025-08-20 09:50:00,581 [INFO] Initial available (DOM-derived) for 07:10: 0
2025-08-20 09:51:17,303 [DEBUG] player_counts map: {}
2025-08-20 09:52:35,439 [DEBUG] labels for 07:10: []
2025-08-20 09:52:35,439 [INFO] Final available for 07:10: 0
2025-08-20 09:52:35,440 [INFO] === Checking 07:30 @ 2025-08-21 ===
2025-08-20 09:52:35,440 [DEBUG] URL: https://www.golfbox.no/site/my_golfbox/ressources/booking/grid.asp?Ressource_GUID={1BEE50FC-669C-4383-A47E-5354F7AC08EC}&Club_GUID=EE00C492-7F02-4C2C-851B-8CDDC89181DB&Booking_Start=20250821T073000
2025-08-20 09:53:23,589 [INFO] Saved HTML → debug_html\grini-2025-08-21-0730.html
2025-08-20 09:55:15,724 [DEBUG] availability map: {}
2025-08-20 09:55:15,724 [INFO] Initial available (DOM-derived) for 07:30: 0
2025-08-20 09:56:25,232 [INFO] Starting Grini capacity test; user=ed***vi, TEE_CAPACITY=4
2025-08-20 09:56:25,700 [INFO] Launching Chromium headless=False
2025-08-20 09:56:27,174 [INFO] === Checking 07:10 @ 2025-08-21 ===
2025-08-20 09:56:27,174 [DEBUG] URL: https://www.golfbox.no/site/my_golfbox/ressources/booking/grid.asp?Ressource_GUID={1BEE50FC-669C-4383-A47E-5354F7AC08EC}&Club_GUID=EE00C492-7F02-4C2C-851B-8CDDC89181DB&Booking_Start=20250821T071000
2025-08-20 09:57:15,839 [INFO] Saved HTML → debug_html\grini-2025-08-21-0710.html
2025-08-20 09:59:09,719 [DEBUG] availability map: {}
2025-08-20 09:59:09,719 [INFO] Initial available (DOM-derived) for 07:10: 0
2025-08-20 09:59:15,922 [DEBUG] player_counts map: {}
2025-08-20 10:02:09,975 [INFO] Starting Grini capacity test; user=ed***vi, TEE_CAPACITY=4
2025-08-20 10:02:10,785 [INFO] Launching Chromium headless=False
2025-08-20 10:02:12,279 [INFO] === Checking 07:10 @ 2025-08-21 ===
2025-08-20 10:02:12,279 [DEBUG] URL: https://www.golfbox.no/site/my_golfbox/ressources/booking/grid.asp?Ressource_GUID={1BEE50FC-669C-4383-A47E-5354F7AC08EC}&Club_GUID=EE00C492-7F02-4C2C-851B-8CDDC89181DB&Booking_Start=20250821T071000
2025-08-20 10:03:01,010 [INFO] Saved HTML → debug_html\grini-2025-08-21-0710.html
2025-08-20 10:04:53,520 [DEBUG] availability map: {}
2025-08-20 10:04:53,520 [INFO] Initial available (DOM-derived) for 07:10: 0
2025-08-20 10:06:09,859 [DEBUG] player_counts map: {}
2025-08-20 10:07:27,655 [DEBUG] labels for 07:10: []
2025-08-20 10:07:27,655 [INFO] Final available for 07:10: 0
2025-08-20 10:07:27,656 [INFO] === Checking 07:30 @ 2025-08-21 ===
2025-08-20 10:07:27,656 [DEBUG] URL: https://www.golfbox.no/site/my_golfbox/ressources/booking/grid.asp?Ressource_GUID={1BEE50FC-669C-4383-A47E-5354F7AC08EC}&Club_GUID=EE00C492-7F02-4C2C-851B-8CDDC89181DB&Booking_Start=20250821T073000
2025-08-20 10:08:16,383 [INFO] Saved HTML → debug_html\grini-2025-08-21-0730.html
2025-08-20 10:10:09,246 [DEBUG] availability map: {}
2025-08-20 10:10:09,246 [INFO] Initial available (DOM-derived) for 07:30: 0
2025-08-20 10:11:25,989 [DEBUG] player_counts map: {}
2025-08-20 10:12:16,970 [INFO] Starting Grini capacity test; user=ed***vi, TEE_CAPACITY=4
2025-08-20 10:12:17,401 [INFO] Launching Chromium headless=False
2025-08-20 10:12:18,248 [INFO] === Checking 07:10 @ 2025-08-21 ===
2025-08-20 10:12:18,249 [DEBUG] URL: https://www.golfbox.no/site/my_golfbox/ressources/booking/grid.asp?Ressource_GUID={1BEE50FC-669C-4383-A47E-5354F7AC08EC}&Club_GUID=EE00C492-7F02-4C2C-851B-8CDDC89181DB&Booking_Start=20250821T071000
2025-08-20 10:13:06,137 [INFO] Saved HTML → debug_html\grini-2025-08-21-0710.html
2025-08-20 10:14:58,299 [DEBUG] availability map: {}
2025-08-20 10:14:58,299 [INFO] Initial available (DOM-derived) for 07:10: 0
2025-08-20 10:16:23,168 [INFO] Starting Grini capacity test; user=ed***vi, TEE_CAPACITY=4
2025-08-20 10:16:23,511 [INFO] Launching Chromium headless=False
2025-08-20 10:16:24,115 [INFO] === Checking 07:10 @ 2025-08-21 ===
2025-08-20 10:16:24,115 [DEBUG] URL: https://www.golfbox.no/site/my_golfbox/ressources/booking/grid.asp?Ressource_GUID={1BEE50FC-669C-4383-A47E-5354F7AC08EC}&Club_GUID=EE00C492-7F02-4C2C-851B-8CDDC89181DB&Booking_Start=20250821T071000
2025-08-20 10:17:11,897 [INFO] Saved HTML → debug_html\grini-2025-08-21-0710.html
2025-08-20 10:17:53,797 [DEBUG] availability map: {'06:00': 0, '06:10': 2, '06:20': 1, '06:30': 2, '06:40': 4, '06:50': 4}
2025-08-20 10:17:53,797 [INFO] Initial available (DOM-derived) for 07:10: 0
2025-08-20 10:46:54,729 [INFO] Starting Grini capacity test; user=ed***vi, TEE_CAPACITY=4
2025-08-20 10:46:55,147 [INFO] Launching Chromium headless=False
2025-08-20 10:46:56,693 [INFO] === Checking 07:10 @ 2025-08-21 ===
2025-08-20 10:46:56,693 [DEBUG] URL: https://www.golfbox.no/site/my_golfbox/ressources/booking/grid.asp?Ressource_GUID={1BEE50FC-669C-4383-A47E-5354F7AC08EC}&Club_GUID=EE00C492-7F02-4C2C-851B-8CDDC89181DB&Booking_Start=20250821T071000
2025-08-20 11:01:56,752 [INFO] Starting Grini capacity test; user=ed***vi, TEE_CAPACITY=4
2025-08-20 11:01:57,120 [INFO] Launching Chromium headless=False
2025-08-20 11:01:57,917 [INFO] === Checking 07:10 @ 2025-08-21 ===
2025-08-20 11:01:57,917 [DEBUG] URL: https://www.golfbox.no/site/my_golfbox/ressources/booking/grid.asp?Ressource_GUID={1BEE50FC-669C-4383-A47E-5354F7AC08EC}&Club_GUID=EE00C492-7F02-4C2C-851B-8CDDC89181DB&Booking_Start=20250821T071000
2025-08-20 11:09:13,843 [INFO] Starting Grini capacity test; user=ed***vi, TEE_CAPACITY=4
2025-08-20 11:09:14,206 [INFO] Launching Chromium headless=False
2025-08-20 11:09:14,924 [INFO] === Checking 07:10 @ 2025-08-21 ===
2025-08-20 11:09:14,924 [DEBUG] URL: https://www.golfbox.no/site/my_golfbox/ressources/booking/grid.asp?Ressource_GUID={1BEE50FC-669C-4383-A47E-5354F7AC08EC}&Club_GUID=EE00C492-7F02-4C2C-851B-8CDDC89181DB&Booking_Start=20250821T071000
2025-08-20 11:16:51,721 [INFO] Starting Grini capacity test; user=ed***vi, TEE_CAPACITY=4
2025-08-20 11:16:52,088 [INFO] Launching Chromium headless=False
2025-08-20 11:16:52,782 [INFO] === Checking 07:10 @ 2025-08-21 ===
2025-08-20 11:16:52,782 [DEBUG] URL: https://www.golfbox.no/site/my_golfbox/ressources/booking/grid.asp?Ressource_GUID={1BEE50FC-669C-4383-A47E-5354F7AC08EC}&Club_GUID=EE00C492-7F02-4C2C-851B-8CDDC89181DB&Booking_Start=20250821T071000
2025-08-20 11:21:24,471 [INFO] Starting Grini capacity test; user=ed***vi, TEE_CAPACITY=4
2025-08-20 11:21:24,831 [INFO] Launching Chromium headless=False
2025-08-20 11:21:25,622 [INFO] === Checking 07:10 @ 2025-08-21 ===
2025-08-20 11:21:25,623 [DEBUG] URL: https://www.golfbox.no/site/my_golfbox/ressources/booking/grid.asp?Ressource_GUID={1BEE50FC-669C-4383-A47E-5354F7AC08EC}&Club_GUID=EE00C492-7F02-4C2C-851B-8CDDC89181DB&Booking_Start=20250821T071000
2025-08-20 11:22:43,272 [INFO] Saved HTML → debug_html\grini-2025-08-21-0710.html
2025-08-20 11:23:20,813 [DEBUG] availability map: {'06:00': 0, '06:10': 2, '06:20': 1, '06:30': 2, '06:40': 4, '06:50': 4}
2025-08-20 11:23:20,813 [INFO] Initial available (DOM-derived) for 07:10: 0
2025-08-20 11:23:22,148 [DEBUG] player_counts map: {'06:00': 4, '06:10': 2, '06:20': 3, '06:30': 2, '06:40': 0, '06:50': 0}
2025-08-20 11:23:28,894 [DEBUG] labels for 07:10: ['4 spots available']
2025-08-20 11:23:28,894 [DEBUG] parsed from label '4 spots available': 4
2025-08-20 11:23:28,895 [INFO] Final available for 07:10: 4
2025-08-20 11:23:28,895 [INFO] === Checking 07:30 @ 2025-08-21 ===
2025-08-20 11:23:28,895 [DEBUG] URL: https://www.golfbox.no/site/my_golfbox/ressources/booking/grid.asp?Ressource_GUID={1BEE50FC-669C-4383-A47E-5354F7AC08EC}&Club_GUID=EE00C492-7F02-4C2C-851B-8CDDC89181DB&Booking_Start=20250821T073000
2025-08-20 11:24:06,099 [INFO] Saved HTML → debug_html\grini-2025-08-21-0730.html
2025-08-20 11:24:43,445 [DEBUG] availability map: {'06:00': 0, '06:10': 2, '06:20': 1, '06:30': 2, '06:40': 4, '06:50': 4}
2025-08-20 11:24:43,445 [INFO] Initial available (DOM-derived) for 07:30: 0
2025-08-20 11:24:44,671 [DEBUG] player_counts map: {'06:00': 4, '06:10': 2, '06:20': 3, '06:30': 2, '06:40': 0, '06:50': 0}
2025-08-20 11:24:51,185 [DEBUG] labels for 07:30: ['4 spots available']
2025-08-20 11:24:51,185 [DEBUG] parsed from label '4 spots available': 4
2025-08-20 11:24:51,185 [INFO] Final available for 07:30: 4
2025-08-20 11:24:51,185 [INFO] === Checking 10:30 @ 2025-08-21 ===
2025-08-20 11:24:51,186 [DEBUG] URL: https://www.golfbox.no/site/my_golfbox/ressources/booking/grid.asp?Ressource_GUID={1BEE50FC-669C-4383-A47E-5354F7AC08EC}&Club_GUID=EE00C492-7F02-4C2C-851B-8CDDC89181DB&Booking_Start=20250821T103000
2025-08-20 11:25:28,359 [INFO] Saved HTML → debug_html\grini-2025-08-21-1030.html
2025-08-20 11:26:05,886 [DEBUG] availability map: {'06:00': 0, '06:10': 2, '06:20': 1, '06:30': 2, '06:40': 4, '06:50': 4}
2025-08-20 11:26:05,886 [INFO] Initial available (DOM-derived) for 10:30: 0
2025-08-20 11:26:07,097 [DEBUG] player_counts map: {'06:00': 4, '06:10': 2, '06:20': 3, '06:30': 2, '06:40': 0, '06:50': 0}
2025-08-20 11:26:13,630 [DEBUG] labels for 10:30: []
2025-08-20 11:26:13,630 [INFO] Final available for 10:30: 0
2025-08-20 11:26:14,011 [INFO] Result 07:10: 4
2025-08-20 11:26:14,011 [INFO] Result 07:30: 4
2025-08-20 11:26:14,011 [INFO] Result 10:30: 0
2025-08-20 11:28:21,003 [INFO] Starting Grini capacity test; user=ed***vi, TEE_CAPACITY=4
2025-08-20 11:28:21,421 [INFO] Launching Chromium headless=False
2025-08-20 11:28:22,213 [INFO] === Checking 07:10 @ 2025-08-21 ===
2025-08-20 11:28:22,213 [DEBUG] URL: https://www.golfbox.no/site/my_golfbox/ressources/booking/grid.asp?Ressource_GUID={1BEE50FC-669C-4383-A47E-5354F7AC08EC}&Club_GUID=EE00C492-7F02-4C2C-851B-8CDDC89181DB&Booking_Start=20250821T071000
2025-08-20 12:38:33,410 [INFO] Starting Grini capacity test; user=ed***vi, TEE_CAPACITY=4
2025-08-20 12:38:33,796 [INFO] Launching Chromium headless=False
2025-08-20 12:38:34,698 [INFO] === Checking 07:10 @ 2025-08-21 ===
2025-08-20 12:38:34,698 [DEBUG] URL: https://www.golfbox.no/site/my_golfbox/ressources/booking/grid.asp?Ressource_GUID={1BEE50FC-669C-4383-A47E-5354F7AC08EC}&Club_GUID=EE00C492-7F02-4C2C-851B-8CDDC89181DB&Booking_Start=20250821T071000
2025-08-20 12:39:50,838 [INFO] Saved HTML → debug_html\grini-2025-08-21-0710.html
2025-08-20 12:40:28,373 [DEBUG] availability map: {'06:00': 0, '06:10': 2, '06:20': 1, '06:30': 2, '06:40': 4, '06:50': 4}
2025-08-20 12:40:28,373 [INFO] Initial available (DOM-derived) for 07:10: 0
2025-08-20 12:40:29,566 [DEBUG] player_counts map: {'06:00': 4, '06:10': 2, '06:20': 3, '06:30': 2, '06:40': 0, '06:50': 0}
2025-08-20 12:40:29,567 [INFO] Final available for 07:10: 0
2025-08-20 12:40:29,567 [INFO] === Checking 07:30 @ 2025-08-21 ===
2025-08-20 12:40:29,568 [DEBUG] URL: https://www.golfbox.no/site/my_golfbox/ressources/booking/grid.asp?Ressource_GUID={1BEE50FC-669C-4383-A47E-5354F7AC08EC}&Club_GUID=EE00C492-7F02-4C2C-851B-8CDDC89181DB&Booking_Start=20250821T073000
2025-08-20 12:41:06,853 [INFO] Saved HTML → debug_html\grini-2025-08-21-0730.html
2025-08-20 12:41:44,360 [DEBUG] availability map: {'06:00': 0, '06:10': 2, '06:20': 1, '06:30': 2, '06:40': 4, '06:50': 4}
2025-08-20 12:41:44,360 [INFO] Initial available (DOM-derived) for 07:30: 0
2025-08-20 12:41:45,565 [DEBUG] player_counts map: {'06:00': 4, '06:10': 2, '06:20': 3, '06:30': 2, '06:40': 0, '06:50': 0}
2025-08-20 12:41:45,565 [INFO] Final available for 07:30: 0
2025-08-20 12:41:45,566 [INFO] === Checking 10:30 @ 2025-08-21 ===
2025-08-20 12:41:45,566 [DEBUG] URL: https://www.golfbox.no/site/my_golfbox/ressources/booking/grid.asp?Ressource_GUID={1BEE50FC-669C-4383-A47E-5354F7AC08EC}&Club_GUID=EE00C492-7F02-4C2C-851B-8CDDC89181DB&Booking_Start=20250821T103000
2025-08-20 12:42:22,769 [INFO] Saved HTML → debug_html\grini-2025-08-21-1030.html
2025-08-20 12:43:00,457 [DEBUG] availability map: {'06:00': 0, '06:10': 2, '06:20': 1, '06:30': 2, '06:40': 4, '06:50': 4}
2025-08-20 12:43:00,457 [INFO] Initial available (DOM-derived) for 10:30: 0
2025-08-20 12:43:01,790 [DEBUG] player_counts map: {'06:00': 4, '06:10': 2, '06:20': 3, '06:30': 2, '06:40': 0, '06:50': 0}
2025-08-20 12:43:01,790 [INFO] Final available for 10:30: 0
2025-08-20 12:43:02,491 [INFO] Result 07:10: 0
2025-08-20 12:43:02,491 [INFO] Result 07:30: 0
2025-08-20 12:43:02,492 [INFO] Result 10:30: 0
2025-08-20 12:51:24,820 [INFO] Starting Grini capacity test; user=ed***vi, TEE_CAPACITY=4
2025-08-20 12:51:25,370 [INFO] Launching Chromium headless=False
2025-08-20 12:51:26,443 [INFO] === Checking 07:10 @ 2025-08-21 ===
2025-08-20 12:51:26,443 [DEBUG] URL: https://www.golfbox.no/site/my_golfbox/ressources/booking/grid.asp?Ressource_GUID={1BEE50FC-669C-4383-A47E-5354F7AC08EC}&Club_GUID=EE00C492-7F02-4C2C-851B-8CDDC89181DB&Booking_Start=20250821T071000
2025-08-20 13:01:14,932 [INFO] Starting Grini capacity test; user=ed***vi, TEE_CAPACITY=4
2025-08-20 13:01:15,492 [INFO] Launching Chromium headless=True
2025-08-20 13:01:16,295 [INFO] === Checking 07:10 @ 2025-08-21 ===
2025-08-20 13:01:16,295 [DEBUG] URL: https://www.golfbox.no/site/my_golfbox/ressources/booking/grid.asp?Ressource_GUID={1BEE50FC-669C-4383-A47E-5354F7AC08EC}&Club_GUID=EE00C492-7F02-4C2C-851B-8CDDC89181DB&Booking_Start=20250821T071000
2025-08-20 13:26:33,203 [INFO] Starting Grini capacity test; user=ed***vi, TEE_CAPACITY=4
2025-08-20 13:26:33,567 [INFO] Launching Chromium headless=True
2025-08-20 13:26:33,974 [INFO] === Checking 07:10 @ 2025-08-21 ===
2025-08-20 13:26:33,975 [DEBUG] URL: https://www.golfbox.no/site/my_golfbox/ressources/booking/grid.asp?Ressource_GUID={1BEE50FC-669C-4383-A47E-5354F7AC08EC}&Club_GUID=EE00C492-7F02-4C2C-851B-8CDDC89181DB&Booking_Start=20250821T071000
2025-08-20 13:37:07,149 [INFO] Starting Grini capacity test; user=ed***vi, TEE_CAPACITY=4
2025-08-20 13:37:07,502 [INFO] Launching Chromium headless=False
2025-08-20 13:37:08,473 [INFO] === Checking 07:10 @ 2025-08-21 ===
2025-08-20 13:37:08,476 [DEBUG] URL: https://www.golfbox.no/site/my_golfbox/ressources/booking/grid.asp?Ressource_GUID={1BEE50FC-669C-4383-A47E-5354F7AC08EC}&Club_GUID=EE00C492-7F02-4C2C-851B-8CDDC89181DB&Booking_Start=20250821T071000
2025-08-20 13:46:19,831 [INFO] Starting Grini capacity test; user=ed***vi, TEE_CAPACITY=4
2025-08-20 13:46:20,279 [INFO] Launching Chromium headless=False
2025-08-20 13:46:21,251 [INFO] === Checking 07:10 @ 2025-08-21 ===
2025-08-20 13:46:21,253 [DEBUG] URL: https://www.golfbox.no/site/my_golfbox/ressources/booking/grid.asp?Ressource_GUID={1BEE50FC-669C-4383-A47E-5354F7AC08EC}&Club_GUID=EE00C492-7F02-4C2C-851B-8CDDC89181DB&Booking_Start=20250821T071000
2025-08-20 14:04:02,552 [INFO] Starting Grini capacity test; user=ed***vi, TEE_CAPACITY=4
2025-08-20 14:04:03,094 [INFO] Launching Chromium headless=True
2025-08-20 14:04:03,630 [INFO] === Checking 07:10 @ 2025-08-21 ===
2025-08-20 14:04:03,630 [DEBUG] URL: https://www.golfbox.no/site/my_golfbox/ressources/booking/grid.asp?Ressource_GUID={1BEE50FC-669C-4383-A47E-5354F7AC08EC}&Club_GUID=EE00C492-7F02-4C2C-851B-8CDDC89181DB&Booking_Start=20250821T071000
2025-08-20 14:06:37,750 [INFO] Starting Grini capacity test; user=ed***vi, TEE_CAPACITY=4
2025-08-20 14:06:38,188 [INFO] Launching Chromium headless=True
2025-08-20 14:06:38,305 [INFO] === Checking 07:10 @ 2025-08-21 ===
2025-08-20 14:06:38,307 [DEBUG] URL: https://www.golfbox.no/site/my_golfbox/ressources/booking/grid.asp?Ressource_GUID={1BEE50FC-669C-4383-A47E-5354F7AC08EC}&Club_GUID=EE00C492-7F02-4C2C-851B-8CDDC89181DB&Booking_Start=20250821T071000
2025-08-20 14:14:20,186 [INFO] Starting Grini capacity test; user=ed***vi, TEE_CAPACITY=4
2025-08-20 14:14:20,694 [INFO] Launching Chromium headless=True
2025-08-20 14:14:20,831 [INFO] === Checking 07:10 @ 2025-08-21 ===
2025-08-20 14:14:20,835 [DEBUG] URL: https://www.golfbox.no/site/my_golfbox/ressources/booking/grid.asp?Ressource_GUID={1BEE50FC-669C-4383-A47E-5354F7AC08EC}&Club_GUID=EE00C492-7F02-4C2C-851B-8CDDC89181DB&Booking_Start=20250821T071000
2025-08-20 14:26:54,147 [INFO] Starting Grini capacity test; user=ed***vi, TEE_CAPACITY=4
2025-08-20 14:26:54,681 [INFO] Launching Chromium headless=True
2025-08-20 14:26:54,842 [INFO] === Checking 07:10 @ 2025-08-21 ===
2025-08-20 14:26:54,842 [DEBUG] URL: https://www.golfbox.no/site/my_golfbox/ressources/booking/grid.asp?Ressource_GUID={1BEE50FC-669C-4383-A47E-5354F7AC08EC}&Club_GUID=EE00C492-7F02-4C2C-851B-8CDDC89181DB&Booking_Start=20250821T071000
2025-08-20 14:28:47,000 [INFO] Starting Grini capacity test; user=ed***vi, TEE_CAPACITY=4
2025-08-20 14:28:47,548 [INFO] Launching Chromium headless=True
2025-08-20 14:28:47,687 [INFO] === Checking 07:10 @ 2025-08-21 ===
2025-08-20 14:28:47,689 [DEBUG] URL: https://www.golfbox.no/site/my_golfbox/ressources/booking/grid.asp?Ressource_GUID={1BEE50FC-669C-4383-A47E-5354F7AC08EC}&Club_GUID=EE00C492-7F02-4C2C-851B-8CDDC89181DB&Booking_Start=20250821T071000
2025-08-20 14:35:01,089 [INFO] Starting Grini capacity test; user=ed***vi, TEE_CAPACITY=4
2025-08-20 14:35:01,609 [INFO] Launching Chromium headless=True
2025-08-20 14:35:01,784 [INFO] === Checking 07:10 @ 2025-08-21 ===
2025-08-20 14:35:01,786 [DEBUG] URL: https://www.golfbox.no/site/my_golfbox/ressources/booking/grid.asp?Ressource_GUID={1BEE50FC-669C-4383-A47E-5354F7AC08EC}&Club_GUID=EE00C492-7F02-4C2C-851B-8CDDC89181DB&Booking_Start=20250821T071000
2025-08-20 14:46:56,227 [INFO] Starting Grini capacity test; user=ed***vi, TEE_CAPACITY=4
2025-08-20 14:46:56,924 [INFO] Launching Chromium headless=True
2025-08-20 14:46:57,077 [INFO] === Checking 07:10 @ 2025-08-21 ===
2025-08-20 14:46:57,078 [DEBUG] URL: https://www.golfbox.no/site/my_golfbox/ressources/booking/grid.asp?Ressource_GUID={1BEE50FC-669C-4383-A47E-5354F7AC08EC}&Club_GUID=EE00C492-7F02-4C2C-851B-8CDDC89181DB&Booking_Start=20250821T071000
2025-08-20 14:53:37,918 [INFO] Starting Grini capacity test; user=ed***vi, TEE_CAPACITY=4
2025-08-20 14:53:38,465 [INFO] Launching Chromium headless=True
2025-08-20 14:53:38,683 [INFO] === Checking 07:10 @ 2025-08-21 ===
2025-08-20 14:53:38,684 [DEBUG] URL: https://www.golfbox.no/site/my_golfbox/ressources/booking/grid.asp?Ressource_GUID={1BEE50FC-669C-4383-A47E-5354F7AC08EC}&Club_GUID=EE00C492-7F02-4C2C-851B-8CDDC89181DB&Booking_Start=20250821T071000
2025-08-20 14:56:57,201 [INFO] Starting Grini capacity test; user=ed***vi, TEE_CAPACITY=4
2025-08-20 14:56:57,701 [INFO] Launching Chromium headless=False
2025-08-20 14:56:58,145 [INFO] === Checking 07:10 @ 2025-08-21 ===
2025-08-20 14:56:58,145 [DEBUG] URL: https://www.golfbox.no/site/my_golfbox/ressources/booking/grid.asp?Ressource_GUID={1BEE50FC-669C-4383-A47E-5354F7AC08EC}&Club_GUID=EE00C492-7F02-4C2C-851B-8CDDC89181DB&Booking_Start=20250821T071000
2025-08-20 14:58:07,816 [DEBUG] availability map: {}
2025-08-20 14:58:07,816 [INFO] Initial available (DOM-derived) for 07:10: 0
2025-08-20 15:00:03,231 [DEBUG] player_counts map: {'06:00': 4, '06:10': 2, '06:20': 3, '06:30': 2, '06:40': 0, '06:50': 0}
2025-08-20 15:00:03,232 [INFO] Final available for 07:10: 0
2025-08-20 15:00:03,234 [INFO] === Checking 07:30 @ 2025-08-21 ===
2025-08-20 15:00:03,235 [DEBUG] URL: https://www.golfbox.no/site/my_golfbox/ressources/booking/grid.asp?Ressource_GUID={1BEE50FC-669C-4383-A47E-5354F7AC08EC}&Club_GUID=EE00C492-7F02-4C2C-851B-8CDDC89181DB&Booking_Start=20250821T073000
2025-08-20 15:15:13,027 [INFO] Starting Grini capacity test; user=ed***vi, TEE_CAPACITY=4
2025-08-20 15:15:13,435 [INFO] Launching Chromium headless=False
2025-08-20 15:15:14,048 [INFO] === Checking 07:10 @ 2025-08-21 ===
2025-08-20 15:15:14,048 [DEBUG] URL: https://www.golfbox.no/site/my_golfbox/ressources/booking/grid.asp?Ressource_GUID={1BEE50FC-669C-4383-A47E-5354F7AC08EC}&Club_GUID=EE00C492-7F02-4C2C-851B-8CDDC89181DB&Booking_Start=20250821T071000
2025-08-20 15:15:47,160 [DEBUG] availability map: {'06:00': 0, '06:10': 2, '06:20': 1, '06:30': 2, '06:40': 4, '06:50': 4}
2025-08-20 15:15:47,160 [INFO] Initial available (DOM-derived) for 07:10: 0
2025-08-20 15:15:55,935 [DEBUG] player_counts map: {'06:00': 4, '06:10': 2, '06:20': 3, '06:30': 2, '06:40': 0, '06:50': 0}
2025-08-20 15:15:55,935 [INFO] Final available for 07:10: 0
2025-08-20 15:15:55,935 [INFO] === Checking 07:30 @ 2025-08-21 ===
2025-08-20 15:15:55,936 [DEBUG] URL: https://www.golfbox.no/site/my_golfbox/ressources/booking/grid.asp?Ressource_GUID={1BEE50FC-669C-4383-A47E-5354F7AC08EC}&Club_GUID=EE00C492-7F02-4C2C-851B-8CDDC89181DB&Booking_Start=20250821T073000
2025-08-20 15:17:02,707 [INFO] Starting Grini capacity test; user=ed***vi, TEE_CAPACITY=4
2025-08-20 15:17:03,075 [INFO] Launching Chromium headless=False
2025-08-20 15:17:04,111 [INFO] === Checking 07:10 @ 2025-08-21 ===
2025-08-20 15:17:04,111 [DEBUG] URL: https://www.golfbox.no/site/my_golfbox/ressources/booking/grid.asp?Ressource_GUID={1BEE50FC-669C-4383-A47E-5354F7AC08EC}&Club_GUID=EE00C492-7F02-4C2C-851B-8CDDC89181DB&Booking_Start=20250821T071000
2025-08-20 15:19:37,403 [INFO] Starting Grini capacity test; user=ed***vi, TEE_CAPACITY=4
2025-08-20 15:19:37,780 [INFO] Launching Chromium headless=False
2025-08-20 15:19:38,764 [INFO] === Checking 07:10 @ 2025-08-21 ===
2025-08-20 15:19:38,764 [DEBUG] URL: https://www.golfbox.no/site/my_golfbox/ressources/booking/grid.asp?Ressource_GUID={1BEE50FC-669C-4383-A47E-5354F7AC08EC}&Club_GUID=EE00C492-7F02-4C2C-851B-8CDDC89181DB&Booking_Start=20250821T071000
2025-08-20 15:20:56,889 [INFO] Starting Grini capacity test; user=ed***vi, TEE_CAPACITY=4
2025-08-20 15:20:57,303 [INFO] Launching Chromium headless=False
2025-08-20 15:20:58,299 [INFO] === Checking 07:10 @ 2025-08-21 ===
2025-08-20 15:20:58,300 [DEBUG] URL: https://www.golfbox.no/site/my_golfbox/ressources/booking/grid.asp?Ressource_GUID={1BEE50FC-669C-4383-A47E-5354F7AC08EC}&Club_GUID=EE00C492-7F02-4C2C-851B-8CDDC89181DB&Booking_Start=20250821T071000
2025-08-20 15:22:20,729 [DEBUG] availability map: {}
2025-08-20 15:22:20,730 [INFO] Initial available (DOM-derived) for 07:10: 0
2025-08-20 15:23:02,042 [DEBUG] player_counts map: {}
2025-08-20 15:23:02,042 [INFO] Final available for 07:10: 0
2025-08-20 15:23:02,042 [INFO] === Checking 07:30 @ 2025-08-21 ===
2025-08-20 15:23:02,042 [DEBUG] URL: https://www.golfbox.no/site/my_golfbox/ressources/booking/grid.asp?Ressource_GUID={1BEE50FC-669C-4383-A47E-5354F7AC08EC}&Club_GUID=EE00C492-7F02-4C2C-851B-8CDDC89181DB&Booking_Start=20250821T073000
2025-08-20 15:23:57,028 [DEBUG] availability map: {}
2025-08-20 15:23:57,028 [INFO] Initial available (DOM-derived) for 07:30: 0
2025-08-20 15:24:39,445 [DEBUG] player_counts map: {}
2025-08-20 15:24:39,445 [INFO] Final available for 07:30: 0
2025-08-20 15:24:39,446 [INFO] === Checking 10:30 @ 2025-08-21 ===
2025-08-20 15:24:39,446 [DEBUG] URL: https://www.golfbox.no/site/my_golfbox/ressources/booking/grid.asp?Ressource_GUID={1BEE50FC-669C-4383-A47E-5354F7AC08EC}&Club_GUID=EE00C492-7F02-4C2C-851B-8CDDC89181DB&Booking_Start=20250821T103000
2025-08-20 15:25:32,254 [DEBUG] availability map: {}
2025-08-20 15:25:32,254 [INFO] Initial available (DOM-derived) for 10:30: 0
2025-08-20 15:26:14,870 [DEBUG] player_counts map: {}
2025-08-20 15:26:14,870 [INFO] Final available for 10:30: 0
2025-08-20 15:26:15,401 [INFO] Result 07:10: 0
2025-08-20 15:26:15,402 [INFO] Result 07:30: 0
2025-08-20 15:26:15,402 [INFO] Result 10:30: 0
2025-08-20 15:29:47,478 [INFO] Starting Grini capacity test; user=ed***vi, TEE_CAPACITY=4
2025-08-20 15:29:47,934 [INFO] Launching Chromium headless=False
2025-08-20 15:29:49,441 [INFO] === Checking 07:10 @ 2025-08-21 ===
2025-08-20 15:29:49,442 [DEBUG] URL: https://www.golfbox.no/site/my_golfbox/ressources/booking/grid.asp?Ressource_GUID={1BEE50FC-669C-4383-A47E-5354F7AC08EC}&Club_GUID=EE00C492-7F02-4C2C-851B-8CDDC89181DB&Booking_Start=20250821T071000
2025-08-20 15:32:24,179 [INFO] Starting Grini capacity test; user=ed***vi, TEE_CAPACITY=4
2025-08-20 15:32:24,800 [INFO] Launching Chromium headless=False
2025-08-20 15:32:26,831 [INFO] === Checking 07:10 @ 2025-08-21 ===
2025-08-20 15:32:26,832 [DEBUG] URL: https://www.golfbox.no/site/my_golfbox/ressources/booking/grid.asp?Ressource_GUID={1BEE50FC-669C-4383-A47E-5354F7AC08EC}&Club_GUID=EE00C492-7F02-4C2C-851B-8CDDC89181DB&Booking_Start=20250821T071000
2025-08-20 15:32:41,754 [DEBUG] availability map: {}
2025-08-20 15:32:41,755 [INFO] Initial available (DOM-derived) for 07:10: 0
2025-08-20 15:35:02,493 [INFO] Starting Grini capacity test; user=ed***vi, TEE_CAPACITY=4
2025-08-20 15:35:03,138 [INFO] Launching Chromium headless=False
2025-08-20 15:35:05,872 [INFO] === Checking 07:10 @ 2025-08-21 ===
2025-08-20 15:35:05,874 [DEBUG] URL: https://www.golfbox.no/site/my_golfbox/ressources/booking/grid.asp?Ressource_GUID={1BEE50FC-669C-4383-A47E-5354F7AC08EC}&Club_GUID=EE00C492-7F02-4C2C-851B-8CDDC89181DB&Booking_Start=20250821T071000
2025-08-20 15:40:56,776 [INFO] Starting Grini capacity test; user=ed***vi, TEE_CAPACITY=4
2025-08-20 15:40:57,272 [INFO] Launching Chromium headless=False
2025-08-20 15:40:58,976 [INFO] === Checking 07:10 @ 2025-08-21 ===
2025-08-20 15:40:58,978 [DEBUG] URL: https://www.golfbox.no/site/my_golfbox/ressources/booking/grid.asp?Ressource_GUID={1BEE50FC-669C-4383-A47E-5354F7AC08EC}&Club_GUID=EE00C492-7F02-4C2C-851B-8CDDC89181DB&Booking_Start=20250821T071000
2025-08-20 15:41:42,419 [DEBUG] availability map: {}
2025-08-20 15:41:42,419 [INFO] Initial available (DOM-derived) for 07:10: 0
2025-08-20 15:41:51,204 [DEBUG] player_counts map: {'06:00': 4, '06:10': 2, '06:20': 3, '06:30': 2, '06:40': 0, '06:50': 0}
2025-08-20 15:41:51,204 [INFO] Final available for 07:10: 0
2025-08-20 15:41:51,204 [INFO] === Checking 07:30 @ 2025-08-21 ===
2025-08-20 15:41:51,205 [DEBUG] URL: https://www.golfbox.no/site/my_golfbox/ressources/booking/grid.asp?Ressource_GUID={1BEE50FC-669C-4383-A47E-5354F7AC08EC}&Club_GUID=EE00C492-7F02-4C2C-851B-8CDDC89181DB&Booking_Start=20250821T073000
